Analysis & Synthesis report for TrafficLight
Sat Nov 16 09:32:20 2024
Quartus II Version 9.1 Build 350 03/24/2010 Service Pack 2 SJ Web Edition


---------------------
; Table of Contents ;
---------------------
  1. Legal Notice
  2. Analysis & Synthesis Summary
  3. Analysis & Synthesis Settings
  4. Parallel Compilation
  5. Analysis & Synthesis Source Files Read
  6. Analysis & Synthesis Resource Usage Summary
  7. Analysis & Synthesis Resource Utilization by Entity
  8. General Register Statistics
  9. Inverted Register Statistics
 10. Multiplexer Restructuring Statistics (Restructuring Performed)
 11. Parameter Settings for Inferred Entity Instance: HienThiSo:U4_hien_thi_so|lpm_divide:Div0
 12. Parameter Settings for Inferred Entity Instance: HienThiSo:U4_hien_thi_so|lpm_divide:Mod0
 13. Analysis & Synthesis Messages



----------------
; Legal Notice ;
----------------
Copyright (C) 1991-2010 Altera Corporation
Your use of Altera Corporation's design tools, logic functions 
and other software and tools, and its AMPP partner logic 
functions, and any output files from any of the foregoing 
(including device programming or simulation files), and any 
associated documentation or information are expressly subject 
to the terms and conditions of the Altera Program License 
Subscription Agreement, Altera MegaCore Function License 
Agreement, or other applicable license agreement, including, 
without limitation, that your use is for the sole purpose of 
programming logic devices manufactured by Altera and sold by 
Altera or its authorized distributors.  Please refer to the 
applicable agreement for further details.



+------------------------------------------------------------------------------+
; Analysis & Synthesis Summary                                                 ;
+-------------------------------+----------------------------------------------+
; Analysis & Synthesis Status   ; Successful - Sat Nov 16 09:32:20 2024        ;
; Quartus II Version            ; 9.1 Build 350 03/24/2010 SP 2 SJ Web Edition ;
; Revision Name                 ; TrafficLight                                 ;
; Top-level Entity Name         ; TrafficLight                                 ;
; Family                        ; Stratix II                                   ;
; Logic utilization             ; N/A                                          ;
;     Combinational ALUTs       ; 123                                          ;
;     Dedicated logic registers ; 41                                           ;
; Total registers               ; 41                                           ;
; Total pins                    ; 21                                           ;
; Total virtual pins            ; 0                                            ;
; Total block memory bits       ; 0                                            ;
; DSP block 9-bit elements      ; 0                                            ;
; Total PLLs                    ; 0                                            ;
; Total DLLs                    ; 0                                            ;
+-------------------------------+----------------------------------------------+


+----------------------------------------------------------------------------------------------------------------------+
; Analysis & Synthesis Settings                                                                                        ;
+----------------------------------------------------------------------------+--------------------+--------------------+
; Option                                                                     ; Setting            ; Default Value      ;
+----------------------------------------------------------------------------+--------------------+--------------------+
; Top-level entity name                                                      ; TrafficLight       ; TrafficLight       ;
; Family name                                                                ; Stratix II         ; Stratix II         ;
; Use Generated Physical Constraints File                                    ; Off                ;                    ;
; Use smart compilation                                                      ; Off                ; Off                ;
; Enable parallel Assembler and TimeQuest Timing Analyzer during compilation ; On                 ; On                 ;
; Enable compact report table                                                ; Off                ; Off                ;
; Restructure Multiplexers                                                   ; Auto               ; Auto               ;
; Create Debugging Nodes for IP Cores                                        ; Off                ; Off                ;
; Preserve fewer node names                                                  ; On                 ; On                 ;
; Disable OpenCore Plus hardware evaluation                                  ; Off                ; Off                ;
; Verilog Version                                                            ; Verilog_2001       ; Verilog_2001       ;
; VHDL Version                                                               ; VHDL_1993          ; VHDL_1993          ;
; State Machine Processing                                                   ; Auto               ; Auto               ;
; Safe State Machine                                                         ; Off                ; Off                ;
; Extract Verilog State Machines                                             ; On                 ; On                 ;
; Extract VHDL State Machines                                                ; On                 ; On                 ;
; Ignore Verilog initial constructs                                          ; Off                ; Off                ;
; Iteration limit for constant Verilog loops                                 ; 5000               ; 5000               ;
; Iteration limit for non-constant Verilog loops                             ; 250                ; 250                ;
; Add Pass-Through Logic to Inferred RAMs                                    ; On                 ; On                 ;
; Parallel Synthesis                                                         ; On                 ; On                 ;
; DSP Block Balancing                                                        ; Auto               ; Auto               ;
; NOT Gate Push-Back                                                         ; On                 ; On                 ;
; Power-Up Don't Care                                                        ; On                 ; On                 ;
; Remove Redundant Logic Cells                                               ; Off                ; Off                ;
; Remove Duplicate Registers                                                 ; On                 ; On                 ;
; Ignore CARRY Buffers                                                       ; Off                ; Off                ;
; Ignore CASCADE Buffers                                                     ; Off                ; Off                ;
; Ignore GLOBAL Buffers                                                      ; Off                ; Off                ;
; Ignore ROW GLOBAL Buffers                                                  ; Off                ; Off                ;
; Ignore LCELL Buffers                                                       ; Off                ; Off                ;
; Ignore SOFT Buffers                                                        ; On                 ; On                 ;
; Limit AHDL Integers to 32 Bits                                             ; Off                ; Off                ;
; Optimization Technique                                                     ; Balanced           ; Balanced           ;
; Carry Chain Length                                                         ; 70                 ; 70                 ;
; Auto Carry Chains                                                          ; On                 ; On                 ;
; Auto Open-Drain Pins                                                       ; On                 ; On                 ;
; Perform WYSIWYG Primitive Resynthesis                                      ; Off                ; Off                ;
; Auto ROM Replacement                                                       ; On                 ; On                 ;
; Auto RAM Replacement                                                       ; On                 ; On                 ;
; Auto DSP Block Replacement                                                 ; On                 ; On                 ;
; Auto Shift Register Replacement                                            ; Auto               ; Auto               ;
; Auto Clock Enable Replacement                                              ; On                 ; On                 ;
; Strict RAM Replacement                                                     ; Off                ; Off                ;
; Allow Synchronous Control Signals                                          ; On                 ; On                 ;
; Force Use of Synchronous Clear Signals                                     ; Off                ; Off                ;
; Auto RAM Block Balancing                                                   ; On                 ; On                 ;
; Auto RAM to Logic Cell Conversion                                          ; Off                ; Off                ;
; Auto Resource Sharing                                                      ; Off                ; Off                ;
; Allow Any RAM Size For Recognition                                         ; Off                ; Off                ;
; Allow Any ROM Size For Recognition                                         ; Off                ; Off                ;
; Allow Any Shift Register Size For Recognition                              ; Off                ; Off                ;
; Use LogicLock Constraints during Resource Balancing                        ; On                 ; On                 ;
; Ignore translate_off and synthesis_off directives                          ; Off                ; Off                ;
; Timing-Driven Synthesis                                                    ; Off                ; Off                ;
; Show Parameter Settings Tables in Synthesis Report                         ; On                 ; On                 ;
; Ignore Maximum Fan-Out Assignments                                         ; Off                ; Off                ;
; Synchronization Register Chain Length                                      ; 2                  ; 2                  ;
; PowerPlay Power Optimization                                               ; Normal compilation ; Normal compilation ;
; HDL message level                                                          ; Level2             ; Level2             ;
; Suppress Register Optimization Related Messages                            ; Off                ; Off                ;
; Number of Removed Registers Reported in Synthesis Report                   ; 5000               ; 5000               ;
; Number of Inverted Registers Reported in Synthesis Report                  ; 100                ; 100                ;
; Clock MUX Protection                                                       ; On                 ; On                 ;
; Auto Gated Clock Conversion                                                ; Off                ; Off                ;
; Block Design Naming                                                        ; Auto               ; Auto               ;
; SDC constraint protection                                                  ; Off                ; Off                ;
; Synthesis Effort                                                           ; Auto               ; Auto               ;
; Shift Register Replacement - Allow Asynchronous Clear Signal               ; On                 ; On                 ;
; Analysis & Synthesis Message Level                                         ; Medium             ; Medium             ;
; Disable Register Merging Across Hierarchies                                ; Auto               ; Auto               ;
; Resource Aware Inference For Block RAM                                     ; On                 ; On                 ;
+----------------------------------------------------------------------------+--------------------+--------------------+


Parallel compilation was disabled, but you have multiple processors available. Enable parallel compilation to reduce compilation time.
+-------------------------------------+
; Parallel Compilation                ;
+----------------------------+--------+
; Processors                 ; Number ;
+----------------------------+--------+
; Number detected on machine ; 4      ;
; Maximum allowed            ; 1      ;
+----------------------------+--------+


+---------------------------------------------------------------------------------------------------------------------------------------------------------+
; Analysis & Synthesis Source Files Read                                                                                                                  ;
+----------------------------------+-----------------+------------------------------+---------------------------------------------------------------------+
; File Name with User-Entered Path ; Used in Netlist ; File Type                    ; File Name with Absolute Path                                        ;
+----------------------------------+-----------------+------------------------------+---------------------------------------------------------------------+
; BoDemVaChuyenDen.v               ; yes             ; User Verilog HDL File        ; D:/WORK_SPACE/CODE VERILOG/TRAFFIC_LIGHT/BoDemVaChuyenDen.v         ;
; BoHienThiDen.v                   ; yes             ; User Verilog HDL File        ; D:/WORK_SPACE/CODE VERILOG/TRAFFIC_LIGHT/BoHienThiDen.v             ;
; BoHienThiSo.v                    ; yes             ; User Verilog HDL File        ; D:/WORK_SPACE/CODE VERILOG/TRAFFIC_LIGHT/BoHienThiSo.v              ;
; TrafficLight.v                   ; yes             ; User Verilog HDL File        ; D:/WORK_SPACE/CODE VERILOG/TRAFFIC_LIGHT/TrafficLight.v             ;
; BoChiaTan.v                      ; yes             ; User Verilog HDL File        ; D:/WORK_SPACE/CODE VERILOG/TRAFFIC_LIGHT/BoChiaTan.v                ;
; lpm_divide.tdf                   ; yes             ; Megafunction                 ; d:/altera/91sp2/quartus/libraries/megafunctions/lpm_divide.tdf      ;
; db/lpm_divide_1em.tdf            ; yes             ; Auto-Generated Megafunction  ; D:/WORK_SPACE/CODE VERILOG/TRAFFIC_LIGHT/db/lpm_divide_1em.tdf      ;
; db/sign_div_unsign_9kh.tdf       ; yes             ; Auto-Generated Megafunction  ; D:/WORK_SPACE/CODE VERILOG/TRAFFIC_LIGHT/db/sign_div_unsign_9kh.tdf ;
; db/alt_u_div_m0f.tdf             ; yes             ; Auto-Generated Megafunction  ; D:/WORK_SPACE/CODE VERILOG/TRAFFIC_LIGHT/db/alt_u_div_m0f.tdf       ;
; db/lpm_divide_46m.tdf            ; yes             ; Auto-Generated Megafunction  ; D:/WORK_SPACE/CODE VERILOG/TRAFFIC_LIGHT/db/lpm_divide_46m.tdf      ;
+----------------------------------+-----------------+------------------------------+---------------------------------------------------------------------+


+-------------------------------------------------------+
; Analysis & Synthesis Resource Usage Summary           ;
+-----------------------------------------------+-------+
; Resource                                      ; Usage ;
+-----------------------------------------------+-------+
; Estimated ALUTs Used                          ; 123   ;
; Dedicated logic registers                     ; 41    ;
;                                               ;       ;
; Estimated ALUTs Unavailable                   ; 2     ;
;                                               ;       ;
; Total combinational functions                 ; 123   ;
; Combinational ALUT usage by number of inputs  ;       ;
;     -- 7 input functions                      ; 0     ;
;     -- 6 input functions                      ; 6     ;
;     -- 5 input functions                      ; 4     ;
;     -- 4 input functions                      ; 10    ;
;     -- <=3 input functions                    ; 103   ;
;                                               ;       ;
; Combinational ALUTs by mode                   ;       ;
;     -- normal mode                            ; 54    ;
;     -- extended LUT mode                      ; 0     ;
;     -- arithmetic mode                        ; 59    ;
;     -- shared arithmetic mode                 ; 10    ;
;                                               ;       ;
; Estimated ALUT/register pairs used            ; 130   ;
;                                               ;       ;
; Total registers                               ; 41    ;
;     -- Dedicated logic registers              ; 41    ;
;     -- I/O registers                          ; 0     ;
;                                               ;       ;
; Estimated ALMs:  partially or completely used ; 65    ;
;                                               ;       ;
; I/O pins                                      ; 21    ;
; Maximum fan-out node                          ; clk   ;
; Maximum fan-out                               ; 27    ;
; Total fan-out                                 ; 428   ;
; Average fan-out                               ; 2.31  ;
+-----------------------------------------------+-------+


+--------------------------------------------------------------------------------------------------------------------------------------------------------------------------------------------------------------------------------------------------------------------------------------------------------------------------------------+
; Analysis & Synthesis Resource Utilization by Entity                                                                                                                                                                                                                                                                                  ;
+------------------------------------------------+-------------------+--------------+-------------------+--------------+---------+-----------+-----------+------+--------------+----------------------------------------------------------------------------------------------------------------------------------------+--------------+
; Compilation Hierarchy Node                     ; LC Combinationals ; LC Registers ; Block Memory Bits ; DSP Elements ; DSP 9x9 ; DSP 18x18 ; DSP 36x36 ; Pins ; Virtual Pins ; Full Hierarchy Name                                                                                                                    ; Library Name ;
+------------------------------------------------+-------------------+--------------+-------------------+--------------+---------+-----------+-----------+------+--------------+----------------------------------------------------------------------------------------------------------------------------------------+--------------+
; |TrafficLight                                  ; 123 (0)           ; 41 (0)       ; 0                 ; 0            ; 0       ; 0         ; 0         ; 21   ; 0            ; |TrafficLight                                                                                                                          ; work         ;
;    |ChiaTan:U1_chia_tan|                       ; 32 (32)           ; 27 (27)      ; 0                 ; 0            ; 0       ; 0         ; 0         ; 0    ; 0            ; |TrafficLight|ChiaTan:U1_chia_tan                                                                                                      ;              ;
;    |DemVaChuyenDen:U2_dem_nguoc_va_chuyen_den| ; 15 (15)           ; 14 (14)      ; 0                 ; 0            ; 0       ; 0         ; 0         ; 0    ; 0            ; |TrafficLight|DemVaChuyenDen:U2_dem_nguoc_va_chuyen_den                                                                                ; work         ;
;    |HienThiDen:U3_hien_thi_den|                ; 3 (3)             ; 0 (0)        ; 0                 ; 0            ; 0       ; 0         ; 0         ; 0    ; 0            ; |TrafficLight|HienThiDen:U3_hien_thi_den                                                                                               ; work         ;
;    |HienThiSo:U4_hien_thi_so|                  ; 73 (15)           ; 0 (0)        ; 0                 ; 0            ; 0       ; 0         ; 0         ; 0    ; 0            ; |TrafficLight|HienThiSo:U4_hien_thi_so                                                                                                 ; work         ;
;       |lpm_divide:Div0|                        ; 27 (0)            ; 0 (0)        ; 0                 ; 0            ; 0       ; 0         ; 0         ; 0    ; 0            ; |TrafficLight|HienThiSo:U4_hien_thi_so|lpm_divide:Div0                                                                                 ; work         ;
;          |lpm_divide_1em:auto_generated|       ; 27 (0)            ; 0 (0)        ; 0                 ; 0            ; 0       ; 0         ; 0         ; 0    ; 0            ; |TrafficLight|HienThiSo:U4_hien_thi_so|lpm_divide:Div0|lpm_divide_1em:auto_generated                                                   ;              ;
;             |sign_div_unsign_9kh:divider|      ; 27 (0)            ; 0 (0)        ; 0                 ; 0            ; 0       ; 0         ; 0         ; 0    ; 0            ; |TrafficLight|HienThiSo:U4_hien_thi_so|lpm_divide:Div0|lpm_divide_1em:auto_generated|sign_div_unsign_9kh:divider                       ;              ;
;                |alt_u_div_m0f:divider|         ; 27 (27)           ; 0 (0)        ; 0                 ; 0            ; 0       ; 0         ; 0         ; 0    ; 0            ; |TrafficLight|HienThiSo:U4_hien_thi_so|lpm_divide:Div0|lpm_divide_1em:auto_generated|sign_div_unsign_9kh:divider|alt_u_div_m0f:divider ;              ;
;       |lpm_divide:Mod0|                        ; 31 (0)            ; 0 (0)        ; 0                 ; 0            ; 0       ; 0         ; 0         ; 0    ; 0            ; |TrafficLight|HienThiSo:U4_hien_thi_so|lpm_divide:Mod0                                                                                 ;              ;
;          |lpm_divide_46m:auto_generated|       ; 31 (0)            ; 0 (0)        ; 0                 ; 0            ; 0       ; 0         ; 0         ; 0    ; 0            ; |TrafficLight|HienThiSo:U4_hien_thi_so|lpm_divide:Mod0|lpm_divide_46m:auto_generated                                                   ;              ;
;             |sign_div_unsign_9kh:divider|      ; 31 (0)            ; 0 (0)        ; 0                 ; 0            ; 0       ; 0         ; 0         ; 0    ; 0            ; |TrafficLight|HienThiSo:U4_hien_thi_so|lpm_divide:Mod0|lpm_divide_46m:auto_generated|sign_div_unsign_9kh:divider                       ;              ;
;                |alt_u_div_m0f:divider|         ; 31 (31)           ; 0 (0)        ; 0                 ; 0            ; 0       ; 0         ; 0         ; 0    ; 0            ; |TrafficLight|HienThiSo:U4_hien_thi_so|lpm_divide:Mod0|lpm_divide_46m:auto_generated|sign_div_unsign_9kh:divider|alt_u_div_m0f:divider ;              ;
+------------------------------------------------+-------------------+--------------+-------------------+--------------+---------+-----------+-----------+------+--------------+----------------------------------------------------------------------------------------------------------------------------------------+--------------+
Note: For table entries with two numbers listed, the numbers in parentheses indicate the number of resources of the given type used by the specific entity alone. The numbers listed outside of parentheses indicate the total resources of the given type used by the specific entity and all of its sub-entities in the hierarchy.


+------------------------------------------------------+
; General Register Statistics                          ;
+----------------------------------------------+-------+
; Statistic                                    ; Value ;
+----------------------------------------------+-------+
; Total registers                              ; 41    ;
; Number of registers using Synchronous Clear  ; 0     ;
; Number of registers using Synchronous Load   ; 0     ;
; Number of registers using Asynchronous Clear ; 0     ;
; Number of registers using Asynchronous Load  ; 0     ;
; Number of registers using Clock Enable       ; 0     ;
; Number of registers using Preset             ; 0     ;
+----------------------------------------------+-------+


+------------------------------------------------------------------+
; Inverted Register Statistics                                     ;
+--------------------------------------------------------+---------+
; Inverted Register                                      ; Fan out ;
+--------------------------------------------------------+---------+
; DemVaChuyenDen:U2_dem_nguoc_va_chuyen_den|time_left[5] ; 4       ;
; DemVaChuyenDen:U2_dem_nguoc_va_chuyen_den|time_left[4] ; 6       ;
; DemVaChuyenDen:U2_dem_nguoc_va_chuyen_den|time_left[3] ; 6       ;
; DemVaChuyenDen:U2_dem_nguoc_va_chuyen_den|time_left[2] ; 6       ;
; DemVaChuyenDen:U2_dem_nguoc_va_chuyen_den|counter[5]   ; 3       ;
; DemVaChuyenDen:U2_dem_nguoc_va_chuyen_den|counter[4]   ; 3       ;
; DemVaChuyenDen:U2_dem_nguoc_va_chuyen_den|counter[3]   ; 3       ;
; DemVaChuyenDen:U2_dem_nguoc_va_chuyen_den|counter[2]   ; 3       ;
; Total number of inverted registers = 8                 ;         ;
+--------------------------------------------------------+---------+


+----------------------------------------------------------------------------------------------------------------------------------------------------------------------------------+
; Multiplexer Restructuring Statistics (Restructuring Performed)                                                                                                                   ;
+--------------------+-----------+---------------+----------------------+------------------------+------------+--------------------------------------------------------------------+
; Multiplexer Inputs ; Bus Width ; Baseline Area ; Area if Restructured ; Saving if Restructured ; Registered ; Example Multiplexer Output                                         ;
+--------------------+-----------+---------------+----------------------+------------------------+------------+--------------------------------------------------------------------+
; 5:1                ; 3 bits    ; 9 ALUTs       ; 6 ALUTs              ; 3 ALUTs                ; Yes        ; |TrafficLight|DemVaChuyenDen:U2_dem_nguoc_va_chuyen_den|counter[5] ;
+--------------------+-----------+---------------+----------------------+------------------------+------------+--------------------------------------------------------------------+


+-------------------------------------------------------------------------------------------+
; Parameter Settings for Inferred Entity Instance: HienThiSo:U4_hien_thi_so|lpm_divide:Div0 ;
+------------------------+----------------+-------------------------------------------------+
; Parameter Name         ; Value          ; Type                                            ;
+------------------------+----------------+-------------------------------------------------+
; LPM_WIDTHN             ; 6              ; Untyped                                         ;
; LPM_WIDTHD             ; 4              ; Untyped                                         ;
; LPM_NREPRESENTATION    ; UNSIGNED       ; Untyped                                         ;
; LPM_DREPRESENTATION    ; UNSIGNED       ; Untyped                                         ;
; LPM_PIPELINE           ; 0              ; Untyped                                         ;
; LPM_REMAINDERPOSITIVE  ; TRUE           ; Untyped                                         ;
; MAXIMIZE_SPEED         ; 5              ; Untyped                                         ;
; CBXI_PARAMETER         ; lpm_divide_1em ; Untyped                                         ;
; CARRY_CHAIN            ; MANUAL         ; Untyped                                         ;
; OPTIMIZE_FOR_SPEED     ; 5              ; Untyped                                         ;
; AUTO_CARRY_CHAINS      ; ON             ; AUTO_CARRY                                      ;
; IGNORE_CARRY_BUFFERS   ; OFF            ; IGNORE_CARRY                                    ;
; AUTO_CASCADE_CHAINS    ; ON             ; AUTO_CASCADE                                    ;
; IGNORE_CASCADE_BUFFERS ; OFF            ; IGNORE_CASCADE                                  ;
+------------------------+----------------+-------------------------------------------------+
Note: In order to hide this table in the UI and the text report file, please set the "Show Parameter Settings Tables in Synthesis Report" option in "Analysis and Synthesis Settings -> More Settings" to "Off".


+-------------------------------------------------------------------------------------------+
; Parameter Settings for Inferred Entity Instance: HienThiSo:U4_hien_thi_so|lpm_divide:Mod0 ;
+------------------------+----------------+-------------------------------------------------+
; Parameter Name         ; Value          ; Type                                            ;
+------------------------+----------------+-------------------------------------------------+
; LPM_WIDTHN             ; 6              ; Untyped                                         ;
; LPM_WIDTHD             ; 4              ; Untyped                                         ;
; LPM_NREPRESENTATION    ; UNSIGNED       ; Untyped                                         ;
; LPM_DREPRESENTATION    ; UNSIGNED       ; Untyped                                         ;
; LPM_PIPELINE           ; 0              ; Untyped                                         ;
; LPM_REMAINDERPOSITIVE  ; TRUE           ; Untyped                                         ;
; MAXIMIZE_SPEED         ; 5              ; Untyped                                         ;
; CBXI_PARAMETER         ; lpm_divide_46m ; Untyped                                         ;
; CARRY_CHAIN            ; MANUAL         ; Untyped                                         ;
; OPTIMIZE_FOR_SPEED     ; 5              ; Untyped                                         ;
; AUTO_CARRY_CHAINS      ; ON             ; AUTO_CARRY                                      ;
; IGNORE_CARRY_BUFFERS   ; OFF            ; IGNORE_CARRY                                    ;
; AUTO_CASCADE_CHAINS    ; ON             ; AUTO_CASCADE                                    ;
; IGNORE_CASCADE_BUFFERS ; OFF            ; IGNORE_CASCADE                                  ;
+------------------------+----------------+-------------------------------------------------+
Note: In order to hide this table in the UI and the text report file, please set the "Show Parameter Settings Tables in Synthesis Report" option in "Analysis and Synthesis Settings -> More Settings" to "Off".


+-------------------------------+
; Analysis & Synthesis Messages ;
+-------------------------------+
Info: *******************************************************************
Info: Running Quartus II Analysis & Synthesis
    Info: Version 9.1 Build 350 03/24/2010 Service Pack 2 SJ Web Edition
    Info: Processing started: Sat Nov 16 09:32:18 2024
Info: Command: quartus_map --read_settings_files=on --write_settings_files=off TrafficLight -c TrafficLight
Info: Found 1 design units, including 1 entities, in source file bodemvachuyenden.v
    Info: Found entity 1: DemVaChuyenDen
Info: Found 1 design units, including 1 entities, in source file bohienthiden.v
    Info: Found entity 1: HienThiDen
Info: Found 1 design units, including 1 entities, in source file bohienthiso.v
    Info: Found entity 1: HienThiSo
Info: Found 1 design units, including 1 entities, in source file trafficlight.v
    Info: Found entity 1: TrafficLight
Info: Found 1 design units, including 1 entities, in source file bochiatan.v
    Info: Found entity 1: ChiaTan
Info: Elaborating entity "TrafficLight" for the top level hierarchy
Info: Elaborating entity "ChiaTan" for hierarchy "ChiaTan:U1_chia_tan"
Warning (10230): Verilog HDL assignment warning at BoChiaTan.v(8): truncated value with size 32 to match size of target (26)
Info: Elaborating entity "DemVaChuyenDen" for hierarchy "DemVaChuyenDen:U2_dem_nguoc_va_chuyen_den"
Warning (10230): Verilog HDL assignment warning at BoDemVaChuyenDen.v(17): truncated value with size 32 to match size of target (6)
Info: Elaborating entity "HienThiDen" for hierarchy "HienThiDen:U3_hien_thi_den"
Info: Elaborating entity "HienThiSo" for hierarchy "HienThiSo:U4_hien_thi_so"
Warning (10230): Verilog HDL assignment warning at BoHienThiSo.v(10): truncated value with size 32 to match size of target (4)
Warning (10230): Verilog HDL assignment warning at BoHienThiSo.v(11): truncated value with size 32 to match size of target (4)
Info: Inferred 2 megafunctions from design logic
    Info: Inferred divider/modulo megafunction ("lpm_divide") from the following logic: "HienThiSo:U4_hien_thi_so|Div0"
    Info: Inferred divider/modulo megafunction ("lpm_divide") from the following logic: "HienThiSo:U4_hien_thi_so|Mod0"
Info: Elaborated megafunction instantiation "HienThiSo:U4_hien_thi_so|lpm_divide:Div0"
Info: Instantiated megafunction "HienThiSo:U4_hien_thi_so|lpm_divide:Div0" with the following parameter:
    Info: Parameter "LPM_WIDTHN" = "6"
    Info: Parameter "LPM_WIDTHD" = "4"
    Info: Parameter "LPM_NREPRESENTATION" = "UNSIGNED"
    Info: Parameter "LPM_DREPRESENTATION" = "UNSIGNED"
Info: Found 1 design units, including 1 entities, in source file db/lpm_divide_1em.tdf
    Info: Found entity 1: lpm_divide_1em
Info: Found 1 design units, including 1 entities, in source file db/sign_div_unsign_9kh.tdf
    Info: Found entity 1: sign_div_unsign_9kh
Info: Found 1 design units, including 1 entities, in source file db/alt_u_div_m0f.tdf
    Info: Found entity 1: alt_u_div_m0f
Info: Elaborated megafunction instantiation "HienThiSo:U4_hien_thi_so|lpm_divide:Mod0"
Info: Instantiated megafunction "HienThiSo:U4_hien_thi_so|lpm_divide:Mod0" with the following parameter:
    Info: Parameter "LPM_WIDTHN" = "6"
    Info: Parameter "LPM_WIDTHD" = "4"
    Info: Parameter "LPM_NREPRESENTATION" = "UNSIGNED"
    Info: Parameter "LPM_DREPRESENTATION" = "UNSIGNED"
Info: Found 1 design units, including 1 entities, in source file db/lpm_divide_46m.tdf
    Info: Found entity 1: lpm_divide_46m
Warning: Output pins are stuck at VCC or GND
    Warning (13410): Pin "led0[7]" is stuck at GND
Warning: Design contains 1 input pin(s) that do not drive logic
    Warning (15610): No output dependent on input pin "reset"
Info: Implemented 150 device resources after synthesis - the final resource count might be different
    Info: Implemented 2 input pins
    Info: Implemented 19 output pins
    Info: Implemented 129 logic cells
Info: Quartus II Analysis & Synthesis was successful. 0 errors, 8 warnings
    Info: Peak virtual memory: 228 megabytes
    Info: Processing ended: Sat Nov 16 09:32:20 2024
    Info: Elapsed time: 00:00:02
    Info: Total CPU time (on all processors): 00:00:01


